{"/Users/tnhu/tmp/react-jsx-match/src/index.ts": {"path":"/Users/tnhu/tmp/react-jsx-match/src/index.ts","all":false,"statementMap":{"0":{"start":{"line":1,"column":0},"end":{"line":1,"column":29}},"1":{"start":{"line":2,"column":0},"end":{"line":2,"column":17}},"2":{"start":{"line":3,"column":0},"end":{"line":3,"column":26}},"3":{"start":{"line":4,"column":0},"end":{"line":4,"column":1}},"4":{"start":{"line":5,"column":0},"end":{"line":5,"column":0}},"5":{"start":{"line":6,"column":0},"end":{"line":6,"column":55}},"6":{"start":{"line":7,"column":0},"end":{"line":7,"column":44}},"7":{"start":{"line":8,"column":0},"end":{"line":8,"column":54}},"8":{"start":{"line":9,"column":0},"end":{"line":9,"column":4}},"9":{"start":{"line":10,"column":0},"end":{"line":10,"column":53}},"10":{"start":{"line":11,"column":0},"end":{"line":11,"column":1}},"11":{"start":{"line":12,"column":0},"end":{"line":12,"column":0}},"12":{"start":{"line":13,"column":0},"end":{"line":13,"column":28}},"13":{"start":{"line":14,"column":0},"end":{"line":14,"column":15}},"14":{"start":{"line":15,"column":0},"end":{"line":15,"column":18}},"15":{"start":{"line":16,"column":0},"end":{"line":16,"column":28}},"16":{"start":{"line":17,"column":0},"end":{"line":17,"column":1}},"17":{"start":{"line":18,"column":0},"end":{"line":18,"column":0}},"18":{"start":{"line":19,"column":0},"end":{"line":19,"column":47}},"19":{"start":{"line":20,"column":0},"end":{"line":20,"column":33}},"20":{"start":{"line":21,"column":0},"end":{"line":21,"column":1}},"21":{"start":{"line":22,"column":0},"end":{"line":22,"column":0}},"22":{"start":{"line":23,"column":0},"end":{"line":23,"column":71}},"23":{"start":{"line":24,"column":0},"end":{"line":24,"column":40}},"24":{"start":{"line":25,"column":0},"end":{"line":25,"column":27}},"25":{"start":{"line":26,"column":0},"end":{"line":26,"column":3}},"26":{"start":{"line":27,"column":0},"end":{"line":27,"column":62}},"27":{"start":{"line":28,"column":0},"end":{"line":28,"column":2}},"28":{"start":{"line":29,"column":0},"end":{"line":29,"column":0}},"29":{"start":{"line":30,"column":0},"end":{"line":30,"column":69}},"30":{"start":{"line":31,"column":0},"end":{"line":31,"column":33}},"31":{"start":{"line":32,"column":0},"end":{"line":32,"column":1}},"32":{"start":{"line":33,"column":0},"end":{"line":33,"column":0}},"33":{"start":{"line":34,"column":0},"end":{"line":34,"column":54}},"34":{"start":{"line":35,"column":0},"end":{"line":35,"column":0}},"35":{"start":{"line":36,"column":0},"end":{"line":36,"column":68}},"36":{"start":{"line":37,"column":0},"end":{"line":37,"column":33}},"37":{"start":{"line":38,"column":0},"end":{"line":38,"column":1}},"38":{"start":{"line":39,"column":0},"end":{"line":39,"column":0}},"39":{"start":{"line":40,"column":0},"end":{"line":40,"column":52}},"40":{"start":{"line":41,"column":0},"end":{"line":41,"column":0}},"41":{"start":{"line":42,"column":0},"end":{"line":42,"column":67}},"42":{"start":{"line":43,"column":0},"end":{"line":43,"column":33}},"43":{"start":{"line":44,"column":0},"end":{"line":44,"column":1}},"44":{"start":{"line":45,"column":0},"end":{"line":45,"column":0}},"45":{"start":{"line":46,"column":0},"end":{"line":46,"column":37}},"46":{"start":{"line":47,"column":0},"end":{"line":47,"column":0}},"47":{"start":{"line":48,"column":0},"end":{"line":48,"column":23}},"48":{"start":{"line":49,"column":0},"end":{"line":49,"column":17}},"49":{"start":{"line":50,"column":0},"end":{"line":50,"column":28}},"50":{"start":{"line":51,"column":0},"end":{"line":51,"column":1}},"51":{"start":{"line":52,"column":0},"end":{"line":52,"column":0}},"52":{"start":{"line":53,"column":0},"end":{"line":53,"column":57}},"53":{"start":{"line":54,"column":0},"end":{"line":54,"column":49}},"54":{"start":{"line":55,"column":0},"end":{"line":55,"column":1}}},"s":{"0":1,"1":1,"2":1,"3":1,"4":1,"5":1,"6":12,"7":56,"8":12,"9":12,"10":12,"11":1,"12":1,"13":1,"14":1,"15":1,"16":1,"17":1,"18":1,"19":0,"20":44,"21":1,"22":1,"23":42,"24":8,"25":8,"26":42,"27":42,"28":1,"29":1,"30":0,"31":3,"32":1,"33":1,"34":1,"35":1,"36":0,"37":8,"38":1,"39":1,"40":1,"41":1,"42":0,"43":6,"44":1,"45":1,"46":1,"47":1,"48":1,"49":1,"50":1,"51":1,"52":1,"53":8,"54":8},"branchMap":{"0":{"type":"branch","line":6,"loc":{"start":{"line":6,"column":54},"end":{"line":11,"column":1}},"locations":[{"start":{"line":6,"column":54},"end":{"line":11,"column":1}}]},"1":{"type":"branch","line":10,"loc":{"start":{"line":10,"column":9},"end":{"line":10,"column":48}},"locations":[{"start":{"line":10,"column":9},"end":{"line":10,"column":48}}]},"2":{"type":"branch","line":10,"loc":{"start":{"line":10,"column":37},"end":{"line":10,"column":53}},"locations":[{"start":{"line":10,"column":37},"end":{"line":10,"column":53}}]},"3":{"type":"branch","line":7,"loc":{"start":{"line":7,"column":34},"end":{"line":8,"column":54}},"locations":[{"start":{"line":7,"column":34},"end":{"line":8,"column":54}}]},"4":{"type":"branch","line":11,"loc":{"start":{"line":11,"column":0},"end":{"line":11,"column":1}},"locations":[{"start":{"line":11,"column":0},"end":{"line":11,"column":1}}]},"5":{"type":"branch","line":21,"loc":{"start":{"line":21,"column":0},"end":{"line":21,"column":1}},"locations":[{"start":{"line":21,"column":0},"end":{"line":21,"column":1}}]},"6":{"type":"branch","line":23,"loc":{"start":{"line":23,"column":26},"end":{"line":28,"column":2}},"locations":[{"start":{"line":23,"column":26},"end":{"line":28,"column":2}}]},"7":{"type":"branch","line":24,"loc":{"start":{"line":24,"column":39},"end":{"line":26,"column":3}},"locations":[{"start":{"line":24,"column":39},"end":{"line":26,"column":3}}]},"8":{"type":"branch","line":26,"loc":{"start":{"line":26,"column":2},"end":{"line":27,"column":23}},"locations":[{"start":{"line":26,"column":2},"end":{"line":27,"column":23}}]},"9":{"type":"branch","line":27,"loc":{"start":{"line":27,"column":15},"end":{"line":27,"column":43}},"locations":[{"start":{"line":27,"column":15},"end":{"line":27,"column":43}}]},"10":{"type":"branch","line":27,"loc":{"start":{"line":27,"column":37},"end":{"line":27,"column":62}},"locations":[{"start":{"line":27,"column":37},"end":{"line":27,"column":62}}]},"11":{"type":"branch","line":32,"loc":{"start":{"line":32,"column":0},"end":{"line":32,"column":1}},"locations":[{"start":{"line":32,"column":0},"end":{"line":32,"column":1}}]},"12":{"type":"branch","line":34,"loc":{"start":{"line":34,"column":28},"end":{"line":34,"column":54}},"locations":[{"start":{"line":34,"column":28},"end":{"line":34,"column":54}}]},"13":{"type":"branch","line":38,"loc":{"start":{"line":38,"column":0},"end":{"line":38,"column":1}},"locations":[{"start":{"line":38,"column":0},"end":{"line":38,"column":1}}]},"14":{"type":"branch","line":40,"loc":{"start":{"line":40,"column":27},"end":{"line":40,"column":52}},"locations":[{"start":{"line":40,"column":27},"end":{"line":40,"column":52}}]},"15":{"type":"branch","line":44,"loc":{"start":{"line":44,"column":0},"end":{"line":44,"column":1}},"locations":[{"start":{"line":44,"column":0},"end":{"line":44,"column":1}}]},"16":{"type":"branch","line":46,"loc":{"start":{"line":46,"column":26},"end":{"line":46,"column":37}},"locations":[{"start":{"line":46,"column":26},"end":{"line":46,"column":37}}]},"17":{"type":"branch","line":53,"loc":{"start":{"line":53,"column":7},"end":{"line":55,"column":1}},"locations":[{"start":{"line":53,"column":7},"end":{"line":55,"column":1}}]},"18":{"type":"branch","line":54,"loc":{"start":{"line":54,"column":9},"end":{"line":54,"column":44}},"locations":[{"start":{"line":54,"column":9},"end":{"line":54,"column":44}}]},"19":{"type":"branch","line":54,"loc":{"start":{"line":54,"column":17},"end":{"line":54,"column":49}},"locations":[{"start":{"line":54,"column":17},"end":{"line":54,"column":49}}]},"20":{"type":"branch","line":55,"loc":{"start":{"line":55,"column":0},"end":{"line":55,"column":1}},"locations":[{"start":{"line":55,"column":0},"end":{"line":55,"column":1}}]}},"b":{"0":[12],"1":[11],"2":[1],"3":[56],"4":[12],"5":[44],"6":[42],"7":[8],"8":[34],"9":[9],"10":[25],"11":[3],"12":[3],"13":[8],"14":[7],"15":[6],"16":[4],"17":[8],"18":[5],"19":[3],"20":[8]},"fnMap":{"0":{"name":"Match","decl":{"start":{"line":6,"column":54},"end":{"line":11,"column":1}},"loc":{"start":{"line":6,"column":54},"end":{"line":11,"column":1}},"line":6},"1":{"name":"get","decl":{"start":{"line":11,"column":0},"end":{"line":11,"column":1}},"loc":{"start":{"line":11,"column":0},"end":{"line":11,"column":1}},"line":11},"2":{"name":"Case","decl":{"start":{"line":19,"column":7},"end":{"line":21,"column":1}},"loc":{"start":{"line":19,"column":7},"end":{"line":21,"column":1}},"line":19},"3":{"name":"get","decl":{"start":{"line":21,"column":0},"end":{"line":21,"column":1}},"loc":{"start":{"line":21,"column":0},"end":{"line":21,"column":1}},"line":21},"4":{"name":"Case.evaluate","decl":{"start":{"line":23,"column":26},"end":{"line":28,"column":2}},"loc":{"start":{"line":23,"column":26},"end":{"line":28,"column":2}},"line":23},"5":{"name":"Truthy","decl":{"start":{"line":30,"column":7},"end":{"line":32,"column":1}},"loc":{"start":{"line":30,"column":7},"end":{"line":32,"column":1}},"line":30},"6":{"name":"get","decl":{"start":{"line":32,"column":0},"end":{"line":32,"column":1}},"loc":{"start":{"line":32,"column":0},"end":{"line":32,"column":1}},"line":32},"7":{"name":"Truthy.evaluate","decl":{"start":{"line":34,"column":28},"end":{"line":34,"column":54}},"loc":{"start":{"line":34,"column":28},"end":{"line":34,"column":54}},"line":34},"8":{"name":"Falsy","decl":{"start":{"line":36,"column":7},"end":{"line":38,"column":1}},"loc":{"start":{"line":36,"column":7},"end":{"line":38,"column":1}},"line":36},"9":{"name":"get","decl":{"start":{"line":38,"column":0},"end":{"line":38,"column":1}},"loc":{"start":{"line":38,"column":0},"end":{"line":38,"column":1}},"line":38},"10":{"name":"Falsy.evaluate","decl":{"start":{"line":40,"column":27},"end":{"line":40,"column":52}},"loc":{"start":{"line":40,"column":27},"end":{"line":40,"column":52}},"line":40},"11":{"name":"Else","decl":{"start":{"line":42,"column":7},"end":{"line":44,"column":1}},"loc":{"start":{"line":42,"column":7},"end":{"line":44,"column":1}},"line":42},"12":{"name":"get","decl":{"start":{"line":44,"column":0},"end":{"line":44,"column":1}},"loc":{"start":{"line":44,"column":0},"end":{"line":44,"column":1}},"line":44},"13":{"name":"Else.evaluate","decl":{"start":{"line":46,"column":26},"end":{"line":46,"column":37}},"loc":{"start":{"line":46,"column":26},"end":{"line":46,"column":37}},"line":46},"14":{"name":"Render","decl":{"start":{"line":53,"column":7},"end":{"line":55,"column":1}},"loc":{"start":{"line":53,"column":7},"end":{"line":55,"column":1}},"line":53},"15":{"name":"get","decl":{"start":{"line":55,"column":0},"end":{"line":55,"column":1}},"loc":{"start":{"line":55,"column":0},"end":{"line":55,"column":1}},"line":55}},"f":{"0":12,"1":12,"2":0,"3":44,"4":42,"5":0,"6":3,"7":3,"8":0,"9":8,"10":7,"11":0,"12":6,"13":4,"14":8,"15":8}}
}
